<?xml version="1.0" encoding="UTF-8"?>
<testsuite xmlns:xsi="http://www.w3.org/2001/XMLSchema-instance" xsi:noNamespaceSchemaLocation="https://maven.apache.org/surefire/maven-surefire-plugin/xsd/surefire-test-report-3.0.xsd" version="3.0" name="com.geotracker.dashboard.MultiShardDashboardJUnitTest" time="0.023" tests="3" errors="0" skipped="0" failures="0">
  <properties>
[...]
</properties>
  <testcase name="multiShardVehicleAggregation" classname="com.geotracker.dashboard.MultiShardDashboardJUnitTest" time="0.006"/>
  <testcase name="multiShardVehicleCount" classname="com.geotracker.dashboard.MultiShardDashboardJUnitTest" time="0.007"/>
  <testcase name="multiShardCurrentPositions" classname="com.geotracker.dashboard.MultiShardDashboardJUnitTest" time="0.005"/>
</testsuite>